{"/home/suttipongse/Work/self/mini-blog-frontend/components/Card.tsx": {"path":"/home/suttipongse/Work/self/mini-blog-frontend/components/Card.tsx","statementMap":{"0":{"start":{"line":8,"column":18},"end":{"line":8,"column":28}},"1":{"start":{"line":9,"column":17},"end":{"line":9,"column":21}},"2":{"start":{"line":23,"column":20},"end":{"line":34,"column":1}},"3":{"start":{"line":24,"column":2},"end":{"line":33,"column":3}},"4":{"start":{"line":26,"column":6},"end":{"line":26,"column":21}},"5":{"start":{"line":28,"column":6},"end":{"line":28,"column":25}},"6":{"start":{"line":30,"column":6},"end":{"line":30,"column":22}},"7":{"start":{"line":32,"column":6},"end":{"line":32,"column":22}},"8":{"start":{"line":36,"column":13},"end":{"line":36,"column":54}},"9":{"start":{"line":36,"column":19},"end":{"line":36,"column":54}},"10":{"start":{"line":38,"column":15},"end":{"line":69,"column":1}},"11":{"start":{"line":39,"column":2},"end":{"line":68,"column":15}},"12":{"start":{"line":71,"column":19},"end":{"line":89,"column":1}},"13":{"start":{"line":91,"column":18},"end":{"line":97,"column":1}}},"fnMap":{"0":{"name":"(anonymous_0)","decl":{"start":{"line":23,"column":20},"end":{"line":23,"column":21}},"loc":{"start":{"line":23,"column":40},"end":{"line":34,"column":1}},"line":23},"1":{"name":"(anonymous_1)","decl":{"start":{"line":36,"column":13},"end":{"line":36,"column":14}},"loc":{"start":{"line":36,"column":19},"end":{"line":36,"column":54}},"line":36},"2":{"name":"(anonymous_2)","decl":{"start":{"line":38,"column":15},"end":{"line":38,"column":16}},"loc":{"start":{"line":39,"column":2},"end":{"line":68,"column":15}},"line":39}},"branchMap":{"0":{"loc":{"start":{"line":24,"column":2},"end":{"line":33,"column":3}},"type":"switch","locations":[{"start":{"line":25,"column":4},"end":{"line":26,"column":21}},{"start":{"line":27,"column":4},"end":{"line":28,"column":25}},{"start":{"line":29,"column":4},"end":{"line":30,"column":22}},{"start":{"line":31,"column":4},"end":{"line":32,"column":22}}],"line":24},"1":{"loc":{"start":{"line":46,"column":9},"end":{"line":46,"column":120}},"type":"cond-expr","locations":[{"start":{"line":46,"column":43},"end":{"line":46,"column":113}},{"start":{"line":46,"column":116},"end":{"line":46,"column":120}}],"line":46},"2":{"loc":{"start":{"line":47,"column":9},"end":{"line":49,"column":16}},"type":"cond-expr","locations":[{"start":{"line":48,"column":10},"end":{"line":48,"column":100}},{"start":{"line":49,"column":12},"end":{"line":49,"column":16}}],"line":47}},"s":{"0":1,"1":1,"2":1,"3":5,"4":2,"5":1,"6":1,"7":1,"8":1,"9":10,"10":1,"11":5,"12":1,"13":1},"f":{"0":5,"1":10,"2":5},"b":{"0":[2,1,1,1],"1":[4,1],"2":[4,1]},"_coverageSchema":"1a1c01bbd47fc00a2c39e90264f33305004495a9","hash":"ef97b9b83803fa81098e5147e7d7016f6fa3a2d9"}
,"/home/suttipongse/Work/self/mini-blog-frontend/components/CardForm.tsx": {"path":"/home/suttipongse/Work/self/mini-blog-frontend/components/CardForm.tsx","statementMap":{"0":{"start":{"line":5,"column":19},"end":{"line":5,"column":25}},"1":{"start":{"line":12,"column":24},"end":{"line":65,"column":1}},"2":{"start":{"line":13,"column":17},"end":{"line":13,"column":31}},"3":{"start":{"line":15,"column":19},"end":{"line":17,"column":3}},"4":{"start":{"line":16,"column":4},"end":{"line":16,"column":45}},"5":{"start":{"line":19,"column":2},"end":{"line":28,"column":23}},"6":{"start":{"line":20,"column":4},"end":{"line":27,"column":30}},"7":{"start":{"line":21,"column":6},"end":{"line":26,"column":9}},"8":{"start":{"line":27,"column":11},"end":{"line":27,"column":30}},"9":{"start":{"line":30,"column":2},"end":{"line":64,"column":4}}},"fnMap":{"0":{"name":"(anonymous_0)","decl":{"start":{"line":12,"column":24},"end":{"line":12,"column":25}},"loc":{"start":{"line":12,"column":50},"end":{"line":65,"column":1}},"line":12},"1":{"name":"(anonymous_1)","decl":{"start":{"line":15,"column":19},"end":{"line":15,"column":20}},"loc":{"start":{"line":15,"column":36},"end":{"line":17,"column":3}},"line":15},"2":{"name":"(anonymous_2)","decl":{"start":{"line":19,"column":12},"end":{"line":19,"column":13}},"loc":{"start":{"line":19,"column":18},"end":{"line":28,"column":3}},"line":19}},"branchMap":{"0":{"loc":{"start":{"line":20,"column":4},"end":{"line":27,"column":30}},"type":"if","locations":[{"start":{"line":20,"column":4},"end":{"line":27,"column":30}},{"start":{"line":20,"column":4},"end":{"line":27,"column":30}}],"line":20}},"s":{"0":1,"1":1,"2":1,"3":1,"4":0,"5":1,"6":0,"7":0,"8":0,"9":1},"f":{"0":1,"1":0,"2":0},"b":{"0":[0,0]},"_coverageSchema":"1a1c01bbd47fc00a2c39e90264f33305004495a9","hash":"5de6e21211ed6854b390fc76f870abda58c6cc6b"}
,"/home/suttipongse/Work/self/mini-blog-frontend/components/icons.tsx": {"path":"/home/suttipongse/Work/self/mini-blog-frontend/components/icons.tsx","statementMap":{"0":{"start":{"line":1,"column":30},"end":{"line":13,"column":1}},"1":{"start":{"line":2,"column":2},"end":{"line":12,"column":8}}},"fnMap":{"0":{"name":"(anonymous_0)","decl":{"start":{"line":1,"column":30},"end":{"line":1,"column":31}},"loc":{"start":{"line":2,"column":2},"end":{"line":12,"column":8}},"line":2}},"branchMap":{},"s":{"0":2,"1":1},"f":{"0":1},"b":{},"_coverageSchema":"1a1c01bbd47fc00a2c39e90264f33305004495a9","hash":"806209dade0668eda4948374818772449a571e69"}
}
